2019-06-02 12:38:02.567  INFO 30748 --- [restartedMain] c.target.moderator.ModeratorApplication  : Starting ModeratorApplication on INLN34397207A with PID 30748 (C:\Users\i329687\Desktop\test\CommentModerator\target\classes started by I329687 in C:\Users\i329687\Desktop\test\CommentModerator)
2019-06-02 12:38:02.567  INFO 30748 --- [restartedMain] c.target.moderator.ModeratorApplication  : No active profile set, falling back to default profiles: default
2019-06-02 12:38:02.955  INFO 30748 --- [restartedMain] o.s.b.w.embedded.tomcat.TomcatWebServer  : Tomcat initialized with port(s): 8080 (http)
2019-06-02 12:38:02.956  INFO 30748 --- [restartedMain] o.apache.catalina.core.StandardService   : Starting service [Tomcat]
2019-06-02 12:38:02.956  INFO 30748 --- [restartedMain] org.apache.catalina.core.StandardEngine  : Starting Servlet engine: [Apache Tomcat/9.0.19]
2019-06-02 12:38:02.974  INFO 30748 --- [restartedMain] o.a.c.c.C.[Tomcat].[localhost].[/]       : Initializing Spring embedded WebApplicationContext
2019-06-02 12:38:02.974  INFO 30748 --- [restartedMain] o.s.web.context.ContextLoader            : Root WebApplicationContext: initialization completed in 406 ms
2019-06-02 12:38:03.053  INFO 30748 --- [restartedMain] pertySourcedRequestMappingHandlerMapping : Mapped URL path [/v2/api-docs] onto method [public org.springframework.http.ResponseEntity<springfox.documentation.spring.web.json.Json> springfox.documentation.swagger2.web.Swagger2Controller.getDocumentation(java.lang.String,javax.servlet.http.HttpServletRequest)]
2019-06-02 12:38:03.058  INFO 30748 --- [restartedMain] o.s.s.c.ThreadPoolTaskScheduler          : Initializing ExecutorService 'taskScheduler'
2019-06-02 12:38:03.084  INFO 30748 --- [restartedMain] o.s.s.concurrent.ThreadPoolTaskExecutor  : Initializing ExecutorService 'applicationTaskExecutor'
2019-06-02 12:38:03.090  INFO 30748 --- [restartedMain] o.s.b.d.a.OptionalLiveReloadServer       : LiveReload server is running on port 35729
2019-06-02 12:38:03.124  INFO 30748 --- [restartedMain] d.s.w.p.DocumentationPluginsBootstrapper : Context refreshed
2019-06-02 12:38:03.125  INFO 30748 --- [restartedMain] d.s.w.p.DocumentationPluginsBootstrapper : Found 1 custom documentation plugin(s)
2019-06-02 12:38:03.128  INFO 30748 --- [restartedMain] s.d.s.w.s.ApiListingReferenceScanner     : Scanning for api listing references
2019-06-02 12:38:03.151  INFO 30748 --- [restartedMain] o.s.b.w.embedded.tomcat.TomcatWebServer  : Tomcat started on port(s): 8080 (http) with context path ''
2019-06-02 12:38:03.152  INFO 30748 --- [restartedMain] c.target.moderator.ModeratorApplication  : Started ModeratorApplication in 0.608 seconds (JVM running for 199.26)
2019-06-02 12:38:03.153  INFO 30748 --- [restartedMain] .ConditionEvaluationDeltaLoggingListener : Condition evaluation unchanged
2019-06-02 12:38:10.653  INFO 30748 --- [Thread-22] o.s.s.concurrent.ThreadPoolTaskExecutor  : Shutting down ExecutorService 'applicationTaskExecutor'
2019-06-02 12:38:10.655  INFO 30748 --- [Thread-22] o.s.s.c.ThreadPoolTaskScheduler          : Shutting down ExecutorService 'taskScheduler'
2019-06-02 12:38:11.058  INFO 30748 --- [restartedMain] c.target.moderator.ModeratorApplication  : Starting ModeratorApplication on INLN34397207A with PID 30748 (C:\Users\i329687\Desktop\test\CommentModerator\target\classes started by I329687 in C:\Users\i329687\Desktop\test\CommentModerator)
2019-06-02 12:38:11.059  INFO 30748 --- [restartedMain] c.target.moderator.ModeratorApplication  : No active profile set, falling back to default profiles: default
2019-06-02 12:38:11.458  INFO 30748 --- [restartedMain] o.s.b.w.embedded.tomcat.TomcatWebServer  : Tomcat initialized with port(s): 8080 (http)
2019-06-02 12:38:11.459  INFO 30748 --- [restartedMain] o.apache.catalina.core.StandardService   : Starting service [Tomcat]
2019-06-02 12:38:11.459  INFO 30748 --- [restartedMain] org.apache.catalina.core.StandardEngine  : Starting Servlet engine: [Apache Tomcat/9.0.19]
2019-06-02 12:38:11.476  INFO 30748 --- [restartedMain] o.a.c.c.C.[Tomcat].[localhost].[/]       : Initializing Spring embedded WebApplicationContext
2019-06-02 12:38:11.476  INFO 30748 --- [restartedMain] o.s.web.context.ContextLoader            : Root WebApplicationContext: initialization completed in 415 ms
2019-06-02 12:38:11.563  INFO 30748 --- [restartedMain] pertySourcedRequestMappingHandlerMapping : Mapped URL path [/v2/api-docs] onto method [public org.springframework.http.ResponseEntity<springfox.documentation.spring.web.json.Json> springfox.documentation.swagger2.web.Swagger2Controller.getDocumentation(java.lang.String,javax.servlet.http.HttpServletRequest)]
2019-06-02 12:38:11.567  INFO 30748 --- [restartedMain] o.s.s.c.ThreadPoolTaskScheduler          : Initializing ExecutorService 'taskScheduler'
2019-06-02 12:38:11.597  INFO 30748 --- [restartedMain] o.s.s.concurrent.ThreadPoolTaskExecutor  : Initializing ExecutorService 'applicationTaskExecutor'
2019-06-02 12:38:11.603  INFO 30748 --- [restartedMain] o.s.b.d.a.OptionalLiveReloadServer       : LiveReload server is running on port 35729
2019-06-02 12:38:11.640  INFO 30748 --- [restartedMain] d.s.w.p.DocumentationPluginsBootstrapper : Context refreshed
2019-06-02 12:38:11.641  INFO 30748 --- [restartedMain] d.s.w.p.DocumentationPluginsBootstrapper : Found 1 custom documentation plugin(s)
2019-06-02 12:38:11.645  INFO 30748 --- [restartedMain] s.d.s.w.s.ApiListingReferenceScanner     : Scanning for api listing references
2019-06-02 12:38:11.674  INFO 30748 --- [restartedMain] o.s.b.w.embedded.tomcat.TomcatWebServer  : Tomcat started on port(s): 8080 (http) with context path ''
2019-06-02 12:38:11.675  INFO 30748 --- [restartedMain] c.target.moderator.ModeratorApplication  : Started ModeratorApplication in 0.64 seconds (JVM running for 207.783)
2019-06-02 12:38:11.677  INFO 30748 --- [restartedMain] .ConditionEvaluationDeltaLoggingListener : Condition evaluation unchanged
2019-06-02 12:38:25.268  INFO 30748 --- [Thread-28] o.s.s.concurrent.ThreadPoolTaskExecutor  : Shutting down ExecutorService 'applicationTaskExecutor'
2019-06-02 12:38:25.269  INFO 30748 --- [Thread-28] o.s.s.c.ThreadPoolTaskScheduler          : Shutting down ExecutorService 'taskScheduler'
2019-06-02 12:38:25.609  INFO 30748 --- [restartedMain] c.target.moderator.ModeratorApplication  : Starting ModeratorApplication on INLN34397207A with PID 30748 (C:\Users\i329687\Desktop\test\CommentModerator\target\classes started by I329687 in C:\Users\i329687\Desktop\test\CommentModerator)
2019-06-02 12:38:25.610  INFO 30748 --- [restartedMain] c.target.moderator.ModeratorApplication  : No active profile set, falling back to default profiles: default
2019-06-02 12:38:26.012  INFO 30748 --- [restartedMain] o.s.b.w.embedded.tomcat.TomcatWebServer  : Tomcat initialized with port(s): 8080 (http)
2019-06-02 12:38:26.013  INFO 30748 --- [restartedMain] o.apache.catalina.core.StandardService   : Starting service [Tomcat]
2019-06-02 12:38:26.014  INFO 30748 --- [restartedMain] org.apache.catalina.core.StandardEngine  : Starting Servlet engine: [Apache Tomcat/9.0.19]
2019-06-02 12:38:26.031  INFO 30748 --- [restartedMain] o.a.c.c.C.[Tomcat].[localhost].[/]       : Initializing Spring embedded WebApplicationContext
2019-06-02 12:38:26.032  INFO 30748 --- [restartedMain] o.s.web.context.ContextLoader            : Root WebApplicationContext: initialization completed in 421 ms
2019-06-02 12:38:26.107  INFO 30748 --- [restartedMain] pertySourcedRequestMappingHandlerMapping : Mapped URL path [/v2/api-docs] onto method [public org.springframework.http.ResponseEntity<springfox.documentation.spring.web.json.Json> springfox.documentation.swagger2.web.Swagger2Controller.getDocumentation(java.lang.String,javax.servlet.http.HttpServletRequest)]
2019-06-02 12:38:26.110  INFO 30748 --- [restartedMain] o.s.s.c.ThreadPoolTaskScheduler          : Initializing ExecutorService 'taskScheduler'
2019-06-02 12:38:26.137  INFO 30748 --- [restartedMain] o.s.s.concurrent.ThreadPoolTaskExecutor  : Initializing ExecutorService 'applicationTaskExecutor'
2019-06-02 12:38:26.142  INFO 30748 --- [restartedMain] o.s.b.d.a.OptionalLiveReloadServer       : LiveReload server is running on port 35729
2019-06-02 12:38:26.175  INFO 30748 --- [restartedMain] d.s.w.p.DocumentationPluginsBootstrapper : Context refreshed
2019-06-02 12:38:26.175  INFO 30748 --- [restartedMain] d.s.w.p.DocumentationPluginsBootstrapper : Found 1 custom documentation plugin(s)
2019-06-02 12:38:26.179  INFO 30748 --- [restartedMain] s.d.s.w.s.ApiListingReferenceScanner     : Scanning for api listing references
2019-06-02 12:38:26.202  INFO 30748 --- [restartedMain] o.s.b.w.embedded.tomcat.TomcatWebServer  : Tomcat started on port(s): 8080 (http) with context path ''
2019-06-02 12:38:26.203  INFO 30748 --- [restartedMain] c.target.moderator.ModeratorApplication  : Started ModeratorApplication in 0.616 seconds (JVM running for 222.311)
2019-06-02 12:38:26.204  INFO 30748 --- [restartedMain] .ConditionEvaluationDeltaLoggingListener : Condition evaluation unchanged
2019-06-02 12:39:14.187  INFO 30748 --- [Thread-34] o.s.s.concurrent.ThreadPoolTaskExecutor  : Shutting down ExecutorService 'applicationTaskExecutor'
2019-06-02 12:39:14.189  INFO 30748 --- [Thread-34] o.s.s.c.ThreadPoolTaskScheduler          : Shutting down ExecutorService 'taskScheduler'
